Arguments: 
  /Users/ims/.nvm/versions/node/v12.8.1/bin/node /usr/local/bin/yarn add @types/url-pattern

PATH: 
  /Users/ims/.nvm/versions/node/v12.8.1/bin:/Users/ims/bin:/usr/local/bin:/Library/Frameworks/Python.framework/Versions/3.8/bin:/usr/local/bin:/usr/bin:/bin:/usr/sbin:/sbin:/usr/local/share/dotnet:~/.dotnet/tools:/Users/ims/.nvm/versions/node/v12.8.1/bin:/Users/ims/bin:/Library/Frameworks/Python.framework/Versions/3.8/bin

Yarn version: 
  1.13.0

Node version: 
  12.8.1

Platform: 
  darwin x64

Trace: 
  Error: http://registry.npmjs.org/@types%2furl-pattern: Not found
      at Request.params.callback [as _callback] (/usr/local/lib/node_modules/yarn/lib/cli.js:66255:18)
      at Request.self.callback (/usr/local/lib/node_modules/yarn/lib/cli.js:129397:22)
      at Request.emit (events.js:203:13)
      at Request.<anonymous> (/usr/local/lib/node_modules/yarn/lib/cli.js:130369:10)
      at Request.emit (events.js:203:13)
      at IncomingMessage.<anonymous> (/usr/local/lib/node_modules/yarn/lib/cli.js:130291:12)
      at Object.onceWrapper (events.js:291:20)
      at IncomingMessage.emit (events.js:208:15)
      at endReadableNT (_stream_readable.js:1168:12)
      at processTicksAndRejections (internal/process/task_queues.js:77:11)

npm manifest: 
  {
    "name": "@nger/http.node-server",
    "version": "0.0.0",
    "description": "> TODO: description",
    "author": "imeepos <1037483576@qq.com>",
    "homepage": "https://github.com/meepobrother/nger-http#readme",
    "license": "ISC",
    "main": "lib/node.server.js",
    "directories": {
      "lib": "lib",
      "test": "__tests__"
    },
    "files": [
      "lib"
    ],
    "publishConfig": {
      "registry": "http://registry.npmjs.org/"
    },
    "repository": {
      "type": "git",
      "url": "git+https://github.com/meepobrother/nger-http.git"
    },
    "scripts": {
      "test": "echo \"Error: run tests from root\" && exit 1"
    },
    "bugs": {
      "url": "https://github.com/meepobrother/nger-http/issues"
    },
    "dependencies": {
      "@nger/http": "^1.0.3",
      "url-pattern": "^1.0.3"
    }
  }

yarn manifest: 
  No manifest

Lockfile: 
  # THIS IS AN AUTOGENERATED FILE. DO NOT EDIT THIS FILE DIRECTLY.
  # yarn lockfile v1
  
  
  "@nger/core@^1.8.20":
    version "1.8.20"
    resolved "https://registry.yarnpkg.com/@nger/core/-/core-1.8.20.tgz#ecb8cd78889a05b934eb5a5687c092281baa5853"
    integrity sha512-olRiyOzzMKrGSO90URjST8qgzwRBhHCU9FpAPUfAPuGJf0tD74kWrmKSZy/R5pfhLeiON++SNaRZl9LLY5TgMg==
    dependencies:
      "@nger/decorator" "^1.1.12"
      "@nger/di" "^1.5.7"
      http-status-codes "^1.4.0"
      rxjs "^6.5.3"
  
  "@nger/decorator@^1.1.12":
    version "1.1.12"
    resolved "https://registry.yarnpkg.com/@nger/decorator/-/decorator-1.1.12.tgz#8b921fbffda52338ecc304854c599f455bfc5343"
    integrity sha512-0jOQBEZmG6S5zh1kiaiIIJ90FMKRDfxGyYvjgkn0RMT6SuccOYvkOZkQAaF15rbO1vA5HgMlSfJw6j3ZPrBvSg==
    dependencies:
      reflect-metadata "^0.1.13"
  
  "@nger/di@^1.5.7":
    version "1.5.8"
    resolved "https://registry.yarnpkg.com/@nger/di/-/di-1.5.8.tgz#0be96185b46c6f8ef032ed0216a454d4b8c1a3b9"
    integrity sha512-qElcu2+yRnfVMXPyGWyBdgM4Xagy9F/oRphJfZicbFTr9/p00QjaTC2nBaCFvjZheMr2l8GbklsAEyeHDLnh8A==
    dependencies:
      "@nger/decorator" "^1.1.12"
  
  "@nger/http@^1.0.3":
    version "1.0.3"
    resolved "https://registry.yarnpkg.com/@nger/http/-/http-1.0.3.tgz#cecccc686c9034beeac48b47fa5631dfe44932a4"
    integrity sha512-m5BUGAe2RXdmYgxzZ+sWfWFuyOJ1vmNE9CPoF3RFkKBep/bNpcXWnSWqBQOib5AT+feZLcnNs/ZUUqygdrJOCg==
    dependencies:
      "@nger/core" "^1.8.20"
      rxjs "^6.5.3"
  
  http-status-codes@^1.4.0:
    version "1.4.0"
    resolved "https://registry.yarnpkg.com/http-status-codes/-/http-status-codes-1.4.0.tgz#6e4c15d16ff3a9e2df03b89f3a55e1aae05fb477"
    integrity sha512-JrT3ua+WgH8zBD3HEJYbeEgnuQaAnUeRRko/YojPAJjGmIfGD3KPU/asLdsLwKjfxOmQe5nXMQ0pt/7MyapVbQ==
  
  reflect-metadata@^0.1.13:
    version "0.1.13"
    resolved "https://registry.yarnpkg.com/reflect-metadata/-/reflect-metadata-0.1.13.tgz#67ae3ca57c972a2aa1642b10fe363fe32d49dc08"
    integrity sha512-Ts1Y/anZELhSsjMcU605fU9RE4Oi3p5ORujwbIKXfWa+0Zxs510Qrmrce5/Jowq3cHSZSJqBjypxmHarc+vEWg==
  
  rxjs@^6.5.3:
    version "6.5.3"
    resolved "https://registry.yarnpkg.com/rxjs/-/rxjs-6.5.3.tgz#510e26317f4db91a7eb1de77d9dd9ba0a4899a3a"
    integrity sha512-wuYsAYYFdWTAnAaPoKGNhfpWwKZbJW+HgAJ+mImp+Epl7BG8oNWBCTyRM8gba9k4lk8BgWdoYm21Mo/RYhhbgA==
    dependencies:
      tslib "^1.9.0"
  
  tslib@^1.9.0:
    version "1.10.0"
    resolved "https://registry.yarnpkg.com/tslib/-/tslib-1.10.0.tgz#c3c19f95973fb0a62973fb09d90d961ee43e5c8a"
    integrity sha512-qOebF53frne81cf0S9B41ByenJ3/IuH8yJKngAX35CmiZySA0khhkovshKK+jGCaMnVomla7gVlIcc3EvKPbTQ==
  
  url-pattern@^1.0.3:
    version "1.0.3"
    resolved "https://registry.yarnpkg.com/url-pattern/-/url-pattern-1.0.3.tgz#0409292471b24f23c50d65a47931793d2b5acfc1"
    integrity sha1-BAkpJHGyTyPFDWWkeTF5PStaz8E=
